ERROR - 2024-05-09 00:11:32 --> Error connecting to the database: mysqli_sql_exception: No connection could be made because the target machine actively refused it in C:\xampp\htdocs\himatik-app\system\Database\MySQLi\Connection.php:184
Stack trace:
#0 C:\xampp\htdocs\himatik-app\system\Database\MySQLi\Connection.php(184): mysqli->real_connect('localhost', 'dwib4721_prast1...', Object(SensitiveParameterValue), 'dwib4721_himati...', 3306, '', 0)
#1 C:\xampp\htdocs\himatik-app\system\Database\BaseConnection.php(392): CodeIgniter\Database\MySQLi\Connection->connect(false)
#2 C:\xampp\htdocs\himatik-app\system\Database\BaseConnection.php(575): CodeIgniter\Database\BaseConnection->initialize()
#3 C:\xampp\htdocs\himatik-app\system\Database\BaseBuilder.php(1616): CodeIgniter\Database\BaseConnection->query('SELECT *\nFROM `...', Array, false)
#4 C:\xampp\htdocs\himatik-app\system\Model.php(242): CodeIgniter\Database\BaseBuilder->get()
#5 C:\xampp\htdocs\himatik-app\system\BaseModel.php(638): CodeIgniter\Model->doFindAll(0, 0)
#6 C:\xampp\htdocs\himatik-app\app\Models\PengurusModel.php(29): CodeIgniter\BaseModel->findAll()
#7 C:\xampp\htdocs\himatik-app\app\Controllers\Users\UserMain.php(17): App\Models\PengurusModel->getAllPengurus()
#8 C:\xampp\htdocs\himatik-app\system\CodeIgniter.php(941): App\Controllers\Users\UserMain->index()
#9 C:\xampp\htdocs\himatik-app\system\CodeIgniter.php(502): CodeIgniter\CodeIgniter->runController(Object(App\Controllers\Users\UserMain))
#10 C:\xampp\htdocs\himatik-app\system\CodeIgniter.php(361): CodeIgniter\CodeIgniter->handleRequest(NULL, Object(Config\Cache), false)
#11 C:\xampp\htdocs\himatik-app\public\index.php(81): CodeIgniter\CodeIgniter->run()
#12 C:\xampp\htdocs\himatik-app\system\Commands\Server\rewrite.php(47): require_once('C:\\xampp\\htdocs...')
#13 {main}

Next CodeIgniter\Database\Exceptions\DatabaseException: No connection could be made because the target machine actively refused it in C:\xampp\htdocs\himatik-app\system\Database\MySQLi\Connection.php:229
Stack trace:
#0 C:\xampp\htdocs\himatik-app\system\Database\BaseConnection.php(392): CodeIgniter\Database\MySQLi\Connection->connect(false)
#1 C:\xampp\htdocs\himatik-app\system\Database\BaseConnection.php(575): CodeIgniter\Database\BaseConnection->initialize()
#2 C:\xampp\htdocs\himatik-app\system\Database\BaseBuilder.php(1616): CodeIgniter\Database\BaseConnection->query('SELECT *\nFROM `...', Array, false)
#3 C:\xampp\htdocs\himatik-app\system\Model.php(242): CodeIgniter\Database\BaseBuilder->get()
#4 C:\xampp\htdocs\himatik-app\system\BaseModel.php(638): CodeIgniter\Model->doFindAll(0, 0)
#5 C:\xampp\htdocs\himatik-app\app\Models\PengurusModel.php(29): CodeIgniter\BaseModel->findAll()
#6 C:\xampp\htdocs\himatik-app\app\Controllers\Users\UserMain.php(17): App\Models\PengurusModel->getAllPengurus()
#7 C:\xampp\htdocs\himatik-app\system\CodeIgniter.php(941): App\Controllers\Users\UserMain->index()
#8 C:\xampp\htdocs\himatik-app\system\CodeIgniter.php(502): CodeIgniter\CodeIgniter->runController(Object(App\Controllers\Users\UserMain))
#9 C:\xampp\htdocs\himatik-app\system\CodeIgniter.php(361): CodeIgniter\CodeIgniter->handleRequest(NULL, Object(Config\Cache), false)
#10 C:\xampp\htdocs\himatik-app\public\index.php(81): CodeIgniter\CodeIgniter->run()
#11 C:\xampp\htdocs\himatik-app\system\Commands\Server\rewrite.php(47): require_once('C:\\xampp\\htdocs...')
#12 {main}
CRITICAL - 2024-05-09 00:11:32 --> CodeIgniter\Database\Exceptions\DatabaseException: Unable to connect to the database.
Main connection [MySQLi]: No connection could be made because the target machine actively refused it
in SYSTEMPATH\Database\BaseConnection.php on line 428.
 1 SYSTEMPATH\Database\BaseConnection.php(575): CodeIgniter\Database\BaseConnection->initialize()
 2 SYSTEMPATH\Database\BaseBuilder.php(1616): CodeIgniter\Database\BaseConnection->query('SELECT *
FROM `pengurus`', [], false)
 3 SYSTEMPATH\Model.php(242): CodeIgniter\Database\BaseBuilder->get()
 4 SYSTEMPATH\BaseModel.php(638): CodeIgniter\Model->doFindAll(0, 0)
 5 APPPATH\Models\PengurusModel.php(29): CodeIgniter\BaseModel->findAll()
 6 APPPATH\Controllers\Users\UserMain.php(17): App\Models\PengurusModel->getAllPengurus()
 7 SYSTEMPATH\CodeIgniter.php(941): App\Controllers\Users\UserMain->index()
 8 SYSTEMPATH\CodeIgniter.php(502): CodeIgniter\CodeIgniter->runController(Object(App\Controllers\Users\UserMain))
 9 SYSTEMPATH\CodeIgniter.php(361): CodeIgniter\CodeIgniter->handleRequest(null, Object(Config\Cache), false)
10 FCPATH\index.php(81): CodeIgniter\CodeIgniter->run()
11 SYSTEMPATH\Commands\Server\rewrite.php(47): require_once('C:\\xampp\\htdocs\\himatik-app\\public\\index.php')
ERROR - 2024-05-09 00:12:06 --> Error connecting to the database: mysqli_sql_exception: No connection could be made because the target machine actively refused it in C:\xampp\htdocs\himatik-app\system\Database\MySQLi\Connection.php:184
Stack trace:
#0 C:\xampp\htdocs\himatik-app\system\Database\MySQLi\Connection.php(184): mysqli->real_connect('localhost', 'root', Object(SensitiveParameterValue), 'himatik_db', 3306, '', 0)
#1 C:\xampp\htdocs\himatik-app\system\Database\BaseConnection.php(392): CodeIgniter\Database\MySQLi\Connection->connect(false)
#2 C:\xampp\htdocs\himatik-app\system\Database\BaseConnection.php(575): CodeIgniter\Database\BaseConnection->initialize()
#3 C:\xampp\htdocs\himatik-app\system\Database\BaseBuilder.php(1616): CodeIgniter\Database\BaseConnection->query('SELECT *\nFROM `...', Array, false)
#4 C:\xampp\htdocs\himatik-app\system\Model.php(242): CodeIgniter\Database\BaseBuilder->get()
#5 C:\xampp\htdocs\himatik-app\system\BaseModel.php(638): CodeIgniter\Model->doFindAll(0, 0)
#6 C:\xampp\htdocs\himatik-app\app\Models\PengurusModel.php(29): CodeIgniter\BaseModel->findAll()
#7 C:\xampp\htdocs\himatik-app\app\Controllers\Users\UserMain.php(17): App\Models\PengurusModel->getAllPengurus()
#8 C:\xampp\htdocs\himatik-app\system\CodeIgniter.php(941): App\Controllers\Users\UserMain->index()
#9 C:\xampp\htdocs\himatik-app\system\CodeIgniter.php(502): CodeIgniter\CodeIgniter->runController(Object(App\Controllers\Users\UserMain))
#10 C:\xampp\htdocs\himatik-app\system\CodeIgniter.php(361): CodeIgniter\CodeIgniter->handleRequest(NULL, Object(Config\Cache), false)
#11 C:\xampp\htdocs\himatik-app\public\index.php(81): CodeIgniter\CodeIgniter->run()
#12 C:\xampp\htdocs\himatik-app\system\Commands\Server\rewrite.php(47): require_once('C:\\xampp\\htdocs...')
#13 {main}

Next CodeIgniter\Database\Exceptions\DatabaseException: No connection could be made because the target machine actively refused it in C:\xampp\htdocs\himatik-app\system\Database\MySQLi\Connection.php:229
Stack trace:
#0 C:\xampp\htdocs\himatik-app\system\Database\BaseConnection.php(392): CodeIgniter\Database\MySQLi\Connection->connect(false)
#1 C:\xampp\htdocs\himatik-app\system\Database\BaseConnection.php(575): CodeIgniter\Database\BaseConnection->initialize()
#2 C:\xampp\htdocs\himatik-app\system\Database\BaseBuilder.php(1616): CodeIgniter\Database\BaseConnection->query('SELECT *\nFROM `...', Array, false)
#3 C:\xampp\htdocs\himatik-app\system\Model.php(242): CodeIgniter\Database\BaseBuilder->get()
#4 C:\xampp\htdocs\himatik-app\system\BaseModel.php(638): CodeIgniter\Model->doFindAll(0, 0)
#5 C:\xampp\htdocs\himatik-app\app\Models\PengurusModel.php(29): CodeIgniter\BaseModel->findAll()
#6 C:\xampp\htdocs\himatik-app\app\Controllers\Users\UserMain.php(17): App\Models\PengurusModel->getAllPengurus()
#7 C:\xampp\htdocs\himatik-app\system\CodeIgniter.php(941): App\Controllers\Users\UserMain->index()
#8 C:\xampp\htdocs\himatik-app\system\CodeIgniter.php(502): CodeIgniter\CodeIgniter->runController(Object(App\Controllers\Users\UserMain))
#9 C:\xampp\htdocs\himatik-app\system\CodeIgniter.php(361): CodeIgniter\CodeIgniter->handleRequest(NULL, Object(Config\Cache), false)
#10 C:\xampp\htdocs\himatik-app\public\index.php(81): CodeIgniter\CodeIgniter->run()
#11 C:\xampp\htdocs\himatik-app\system\Commands\Server\rewrite.php(47): require_once('C:\\xampp\\htdocs...')
#12 {main}
CRITICAL - 2024-05-09 00:12:06 --> CodeIgniter\Database\Exceptions\DatabaseException: Unable to connect to the database.
Main connection [MySQLi]: No connection could be made because the target machine actively refused it
in SYSTEMPATH\Database\BaseConnection.php on line 428.
 1 SYSTEMPATH\Database\BaseConnection.php(575): CodeIgniter\Database\BaseConnection->initialize()
 2 SYSTEMPATH\Database\BaseBuilder.php(1616): CodeIgniter\Database\BaseConnection->query('SELECT *
FROM `pengurus`', [], false)
 3 SYSTEMPATH\Model.php(242): CodeIgniter\Database\BaseBuilder->get()
 4 SYSTEMPATH\BaseModel.php(638): CodeIgniter\Model->doFindAll(0, 0)
 5 APPPATH\Models\PengurusModel.php(29): CodeIgniter\BaseModel->findAll()
 6 APPPATH\Controllers\Users\UserMain.php(17): App\Models\PengurusModel->getAllPengurus()
 7 SYSTEMPATH\CodeIgniter.php(941): App\Controllers\Users\UserMain->index()
 8 SYSTEMPATH\CodeIgniter.php(502): CodeIgniter\CodeIgniter->runController(Object(App\Controllers\Users\UserMain))
 9 SYSTEMPATH\CodeIgniter.php(361): CodeIgniter\CodeIgniter->handleRequest(null, Object(Config\Cache), false)
10 FCPATH\index.php(81): CodeIgniter\CodeIgniter->run()
11 SYSTEMPATH\Commands\Server\rewrite.php(47): require_once('C:\\xampp\\htdocs\\himatik-app\\public\\index.php')
INFO - 2024-05-09 00:12:37 --> Session: Class initialized using 'CodeIgniter\Session\Handlers\FileHandler' driver.
INFO - 2024-05-09 00:12:51 --> Session: Class initialized using 'CodeIgniter\Session\Handlers\FileHandler' driver.
INFO - 2024-05-09 00:16:20 --> Session: Class initialized using 'CodeIgniter\Session\Handlers\FileHandler' driver.
INFO - 2024-05-09 23:35:54 --> Session: Class initialized using 'CodeIgniter\Session\Handlers\FileHandler' driver.
INFO - 2024-05-09 23:36:07 --> Session: Class initialized using 'CodeIgniter\Session\Handlers\FileHandler' driver.
INFO - 2024-05-09 23:36:16 --> Session: Class initialized using 'CodeIgniter\Session\Handlers\FileHandler' driver.
INFO - 2024-05-09 23:36:59 --> Session: Class initialized using 'CodeIgniter\Session\Handlers\FileHandler' driver.
INFO - 2024-05-09 23:37:07 --> Session: Class initialized using 'CodeIgniter\Session\Handlers\FileHandler' driver.
INFO - 2024-05-09 23:37:08 --> Session: Class initialized using 'CodeIgniter\Session\Handlers\FileHandler' driver.
INFO - 2024-05-09 23:37:10 --> Session: Class initialized using 'CodeIgniter\Session\Handlers\FileHandler' driver.
INFO - 2024-05-09 23:37:17 --> Session: Class initialized using 'CodeIgniter\Session\Handlers\FileHandler' driver.
