CRITICAL - 2024-04-17 01:51:55 --> CodeIgniter\View\Exceptions\ViewException: Invalid file: "adminpage_templates.php"
in SYSTEMPATH\Exceptions\FrameworkException.php on line 39.
 1 SYSTEMPATH\View\View.php(216): CodeIgniter\Exceptions\FrameworkException::forInvalidFile('adminpage_templates.php')
 2 SYSTEMPATH\Common.php(1178): CodeIgniter\View\View->render('adminpage_templates', [], true)
 3 APPPATH\Controllers\AdminPage.php(9): view('adminpage_templates')
 4 SYSTEMPATH\CodeIgniter.php(941): App\Controllers\AdminPage->index()
 5 SYSTEMPATH\CodeIgniter.php(502): CodeIgniter\CodeIgniter->runController(Object(App\Controllers\AdminPage))
 6 SYSTEMPATH\CodeIgniter.php(361): CodeIgniter\CodeIgniter->handleRequest(null, Object(Config\Cache), false)
 7 FCPATH\index.php(81): CodeIgniter\CodeIgniter->run()
 8 SYSTEMPATH\Commands\Server\rewrite.php(47): require_once('C:\\xampp\\htdocs\\himatik-app\\public\\index.php')
CRITICAL - 2024-04-17 01:54:16 --> ErrorException: Undefined variable $page
in APPPATH\Views\templates\adminpage_templates.php on line 30.
 1 APPPATH\Views\templates\adminpage_templates.php(30): CodeIgniter\Debug\Exceptions->errorHandler(2, 'Undefined variable $page', 'C:\\xampp\\htdocs\\himatik-app\\app\\Views\\templates\\adminpage_templates.php', 30)
 2 SYSTEMPATH\View\View.php(228): include('C:\\xampp\\htdocs\\himatik-app\\app\\Views\\templates\\adminpage_templates.php')
 3 SYSTEMPATH\View\View.php(231): CodeIgniter\View\View->CodeIgniter\View\{closure}()
 4 SYSTEMPATH\Common.php(1178): CodeIgniter\View\View->render('templates/adminpage_templates', [], true)
 5 APPPATH\Controllers\AdminPage.php(9): view('templates/adminpage_templates')
 6 SYSTEMPATH\CodeIgniter.php(941): App\Controllers\AdminPage->index()
 7 SYSTEMPATH\CodeIgniter.php(502): CodeIgniter\CodeIgniter->runController(Object(App\Controllers\AdminPage))
 8 SYSTEMPATH\CodeIgniter.php(361): CodeIgniter\CodeIgniter->handleRequest(null, Object(Config\Cache), false)
 9 FCPATH\index.php(81): CodeIgniter\CodeIgniter->run()
10 SYSTEMPATH\Commands\Server\rewrite.php(47): require_once('C:\\xampp\\htdocs\\himatik-app\\public\\index.php')
CRITICAL - 2024-04-17 01:55:02 --> ErrorException: include(config.php): Failed to open stream: No such file or directory
in APPPATH\Views\templates\adminpage_templates.php on line 2.
 1 APPPATH\Views\templates\adminpage_templates.php(2): CodeIgniter\Debug\Exceptions->errorHandler(2, 'include(config.php): Failed to open stream: No such file or directory', 'C:\\xampp\\htdocs\\himatik-app\\app\\Views\\templates\\adminpage_templates.php', 2)
 2 APPPATH\Views\templates\adminpage_templates.php(2): include()
 3 SYSTEMPATH\View\View.php(228): include('C:\\xampp\\htdocs\\himatik-app\\app\\Views\\templates\\adminpage_templates.php')
 4 SYSTEMPATH\View\View.php(231): CodeIgniter\View\View->CodeIgniter\View\{closure}()
 5 SYSTEMPATH\Common.php(1178): CodeIgniter\View\View->render('templates/adminpage_templates', [], true)
 6 APPPATH\Controllers\AdminPage.php(9): view('templates/adminpage_templates')
 7 SYSTEMPATH\CodeIgniter.php(941): App\Controllers\AdminPage->index()
 8 SYSTEMPATH\CodeIgniter.php(502): CodeIgniter\CodeIgniter->runController(Object(App\Controllers\AdminPage))
 9 SYSTEMPATH\CodeIgniter.php(361): CodeIgniter\CodeIgniter->handleRequest(null, Object(Config\Cache), false)
10 FCPATH\index.php(81): CodeIgniter\CodeIgniter->run()
11 SYSTEMPATH\Commands\Server\rewrite.php(47): require_once('C:\\xampp\\htdocs\\himatik-app\\public\\index.php')
CRITICAL - 2024-04-17 01:55:14 --> ErrorException: Undefined variable $conn
in APPPATH\Views\templates\adminpage_templates.php on line 4.
 1 APPPATH\Views\templates\adminpage_templates.php(4): CodeIgniter\Debug\Exceptions->errorHandler(2, 'Undefined variable $conn', 'C:\\xampp\\htdocs\\himatik-app\\app\\Views\\templates\\adminpage_templates.php', 4)
 2 SYSTEMPATH\View\View.php(228): include('C:\\xampp\\htdocs\\himatik-app\\app\\Views\\templates\\adminpage_templates.php')
 3 SYSTEMPATH\View\View.php(231): CodeIgniter\View\View->CodeIgniter\View\{closure}()
 4 SYSTEMPATH\Common.php(1178): CodeIgniter\View\View->render('templates/adminpage_templates', [], true)
 5 APPPATH\Controllers\AdminPage.php(9): view('templates/adminpage_templates')
 6 SYSTEMPATH\CodeIgniter.php(941): App\Controllers\AdminPage->index()
 7 SYSTEMPATH\CodeIgniter.php(502): CodeIgniter\CodeIgniter->runController(Object(App\Controllers\AdminPage))
 8 SYSTEMPATH\CodeIgniter.php(361): CodeIgniter\CodeIgniter->handleRequest(null, Object(Config\Cache), false)
 9 FCPATH\index.php(81): CodeIgniter\CodeIgniter->run()
10 SYSTEMPATH\Commands\Server\rewrite.php(47): require_once('C:\\xampp\\htdocs\\himatik-app\\public\\index.php')
CRITICAL - 2024-04-17 01:55:31 --> ErrorException: Undefined variable $conn
in APPPATH\Views\templates\adminpage_templates.php on line 4.
 1 APPPATH\Views\templates\adminpage_templates.php(4): CodeIgniter\Debug\Exceptions->errorHandler(2, 'Undefined variable $conn', 'C:\\xampp\\htdocs\\himatik-app\\app\\Views\\templates\\adminpage_templates.php', 4)
 2 SYSTEMPATH\View\View.php(228): include('C:\\xampp\\htdocs\\himatik-app\\app\\Views\\templates\\adminpage_templates.php')
 3 SYSTEMPATH\View\View.php(231): CodeIgniter\View\View->CodeIgniter\View\{closure}()
 4 SYSTEMPATH\Common.php(1178): CodeIgniter\View\View->render('templates/adminpage_templates', [], true)
 5 APPPATH\Controllers\AdminPage.php(9): view('templates/adminpage_templates')
 6 SYSTEMPATH\CodeIgniter.php(941): App\Controllers\AdminPage->index()
 7 SYSTEMPATH\CodeIgniter.php(502): CodeIgniter\CodeIgniter->runController(Object(App\Controllers\AdminPage))
 8 SYSTEMPATH\CodeIgniter.php(361): CodeIgniter\CodeIgniter->handleRequest(null, Object(Config\Cache), false)
 9 FCPATH\index.php(81): CodeIgniter\CodeIgniter->run()
10 SYSTEMPATH\Commands\Server\rewrite.php(47): require_once('C:\\xampp\\htdocs\\himatik-app\\public\\index.php')
CRITICAL - 2024-04-17 01:55:32 --> ErrorException: Undefined variable $conn
in APPPATH\Views\templates\adminpage_templates.php on line 4.
 1 APPPATH\Views\templates\adminpage_templates.php(4): CodeIgniter\Debug\Exceptions->errorHandler(2, 'Undefined variable $conn', 'C:\\xampp\\htdocs\\himatik-app\\app\\Views\\templates\\adminpage_templates.php', 4)
 2 SYSTEMPATH\View\View.php(228): include('C:\\xampp\\htdocs\\himatik-app\\app\\Views\\templates\\adminpage_templates.php')
 3 SYSTEMPATH\View\View.php(231): CodeIgniter\View\View->CodeIgniter\View\{closure}()
 4 SYSTEMPATH\Common.php(1178): CodeIgniter\View\View->render('templates/adminpage_templates', [], true)
 5 APPPATH\Controllers\AdminPage.php(9): view('templates/adminpage_templates')
 6 SYSTEMPATH\CodeIgniter.php(941): App\Controllers\AdminPage->index()
 7 SYSTEMPATH\CodeIgniter.php(502): CodeIgniter\CodeIgniter->runController(Object(App\Controllers\AdminPage))
 8 SYSTEMPATH\CodeIgniter.php(361): CodeIgniter\CodeIgniter->handleRequest(null, Object(Config\Cache), false)
 9 FCPATH\index.php(81): CodeIgniter\CodeIgniter->run()
10 SYSTEMPATH\Commands\Server\rewrite.php(47): require_once('C:\\xampp\\htdocs\\himatik-app\\public\\index.php')
CRITICAL - 2024-04-17 01:57:04 --> ErrorException: Undefined variable $page
in APPPATH\Views\templates\adminpage_templates.php on line 36.
 1 APPPATH\Views\templates\adminpage_templates.php(36): CodeIgniter\Debug\Exceptions->errorHandler(2, 'Undefined variable $page', 'C:\\xampp\\htdocs\\himatik-app\\app\\Views\\templates\\adminpage_templates.php', 36)
 2 SYSTEMPATH\View\View.php(228): include('C:\\xampp\\htdocs\\himatik-app\\app\\Views\\templates\\adminpage_templates.php')
 3 SYSTEMPATH\View\View.php(231): CodeIgniter\View\View->CodeIgniter\View\{closure}()
 4 SYSTEMPATH\Common.php(1178): CodeIgniter\View\View->render('templates/adminpage_templates', [], true)
 5 APPPATH\Controllers\AdminPage.php(9): view('templates/adminpage_templates')
 6 SYSTEMPATH\CodeIgniter.php(941): App\Controllers\AdminPage->index()
 7 SYSTEMPATH\CodeIgniter.php(502): CodeIgniter\CodeIgniter->runController(Object(App\Controllers\AdminPage))
 8 SYSTEMPATH\CodeIgniter.php(361): CodeIgniter\CodeIgniter->handleRequest(null, Object(Config\Cache), false)
 9 FCPATH\index.php(81): CodeIgniter\CodeIgniter->run()
10 SYSTEMPATH\Commands\Server\rewrite.php(47): require_once('C:\\xampp\\htdocs\\himatik-app\\public\\index.php')
CRITICAL - 2024-04-17 02:09:29 --> ErrorException: Undefined variable $page
in APPPATH\Views\templates\adminpage_templates.php on line 36.
 1 APPPATH\Views\templates\adminpage_templates.php(36): CodeIgniter\Debug\Exceptions->errorHandler(2, 'Undefined variable $page', 'C:\\xampp\\htdocs\\himatik-app\\app\\Views\\templates\\adminpage_templates.php', 36)
 2 SYSTEMPATH\View\View.php(228): include('C:\\xampp\\htdocs\\himatik-app\\app\\Views\\templates\\adminpage_templates.php')
 3 SYSTEMPATH\View\View.php(231): CodeIgniter\View\View->CodeIgniter\View\{closure}()
 4 SYSTEMPATH\Common.php(1178): CodeIgniter\View\View->render('templates/adminpage_templates', [], true)
 5 APPPATH\Controllers\AdminPage.php(9): view('templates/adminpage_templates')
 6 SYSTEMPATH\CodeIgniter.php(941): App\Controllers\AdminPage->index()
 7 SYSTEMPATH\CodeIgniter.php(502): CodeIgniter\CodeIgniter->runController(Object(App\Controllers\AdminPage))
 8 SYSTEMPATH\CodeIgniter.php(361): CodeIgniter\CodeIgniter->handleRequest(null, Object(Config\Cache), false)
 9 FCPATH\index.php(81): CodeIgniter\CodeIgniter->run()
10 SYSTEMPATH\Commands\Server\rewrite.php(47): require_once('C:\\xampp\\htdocs\\himatik-app\\public\\index.php')
CRITICAL - 2024-04-17 02:11:14 --> ErrorException: Undefined variable $isActive
in APPPATH\Views\templates\adminpage_templates.php on line 26.
 1 APPPATH\Views\templates\adminpage_templates.php(26): CodeIgniter\Debug\Exceptions->errorHandler(2, 'Undefined variable $isActive', 'C:\\xampp\\htdocs\\himatik-app\\app\\Views\\templates\\adminpage_templates.php', 26)
 2 SYSTEMPATH\View\View.php(228): include('C:\\xampp\\htdocs\\himatik-app\\app\\Views\\templates\\adminpage_templates.php')
 3 SYSTEMPATH\View\View.php(231): CodeIgniter\View\View->CodeIgniter\View\{closure}()
 4 SYSTEMPATH\Common.php(1178): CodeIgniter\View\View->render('templates/adminpage_templates', [], true)
 5 APPPATH\Controllers\AdminPage.php(9): view('templates/adminpage_templates')
 6 SYSTEMPATH\CodeIgniter.php(941): App\Controllers\AdminPage->index()
 7 SYSTEMPATH\CodeIgniter.php(502): CodeIgniter\CodeIgniter->runController(Object(App\Controllers\AdminPage))
 8 SYSTEMPATH\CodeIgniter.php(361): CodeIgniter\CodeIgniter->handleRequest(null, Object(Config\Cache), false)
 9 FCPATH\index.php(81): CodeIgniter\CodeIgniter->run()
10 SYSTEMPATH\Commands\Server\rewrite.php(47): require_once('C:\\xampp\\htdocs\\himatik-app\\public\\index.php')
CRITICAL - 2024-04-17 08:12:56 --> CodeIgniter\View\Exceptions\ViewException: Invalid file: "template/sidebar.php"
in SYSTEMPATH\Exceptions\FrameworkException.php on line 39.
 1 SYSTEMPATH\View\View.php(216): CodeIgniter\Exceptions\FrameworkException::forInvalidFile('template/sidebar.php')
 2 SYSTEMPATH\Common.php(1178): CodeIgniter\View\View->render('template/sidebar', [], true)
 3 APPPATH\Controllers\AdminMain.php(9): view('template/sidebar')
 4 SYSTEMPATH\CodeIgniter.php(941): App\Controllers\AdminMain->index()
 5 SYSTEMPATH\CodeIgniter.php(502): CodeIgniter\CodeIgniter->runController(Object(App\Controllers\AdminMain))
 6 SYSTEMPATH\CodeIgniter.php(361): CodeIgniter\CodeIgniter->handleRequest(null, Object(Config\Cache), false)
 7 FCPATH\index.php(81): CodeIgniter\CodeIgniter->run()
 8 SYSTEMPATH\Commands\Server\rewrite.php(47): require_once('C:\\xampp\\htdocs\\himatik-app\\public\\index.php')
CRITICAL - 2024-04-17 08:15:34 --> ParseError: syntax error, unexpected token ";", expecting ")"
in APPPATH\Controllers\AdminMain.php on line 9.
 1 SYSTEMPATH\Autoloader\Autoloader.php(288): CodeIgniter\Autoloader\Autoloader->includeFile('C:\\xampp\\htdocs\\himatik-app\\app\\Controllers\\AdminMain.php')
 2 SYSTEMPATH\Autoloader\Autoloader.php(266): CodeIgniter\Autoloader\Autoloader->loadInNamespace('App\\Controllers\\AdminMain')
 3 [internal function]: CodeIgniter\Autoloader\Autoloader->loadClass('App\\Controllers\\AdminMain')
 4 SYSTEMPATH\CodeIgniter.php(899): class_exists('\\App\\Controllers\\AdminMain', true)
 5 SYSTEMPATH\CodeIgniter.php(489): CodeIgniter\CodeIgniter->startController()
 6 SYSTEMPATH\CodeIgniter.php(361): CodeIgniter\CodeIgniter->handleRequest(null, Object(Config\Cache), false)
 7 FCPATH\index.php(81): CodeIgniter\CodeIgniter->run()
 8 SYSTEMPATH\Commands\Server\rewrite.php(47): require_once('C:\\xampp\\htdocs\\himatik-app\\public\\index.php')
CRITICAL - 2024-04-17 08:36:45 --> CodeIgniter\View\Exceptions\ViewException: Invalid file: "templates/admin_page).php"
in SYSTEMPATH\Exceptions\FrameworkException.php on line 39.
 1 SYSTEMPATH\View\View.php(216): CodeIgniter\Exceptions\FrameworkException::forInvalidFile('templates/admin_page).php')
 2 SYSTEMPATH\Common.php(1178): CodeIgniter\View\View->render('templates/admin_page)', [], true)
 3 APPPATH\Controllers\AdminMain.php(9): view('templates/admin_page)')
 4 SYSTEMPATH\CodeIgniter.php(941): App\Controllers\AdminMain->index()
 5 SYSTEMPATH\CodeIgniter.php(502): CodeIgniter\CodeIgniter->runController(Object(App\Controllers\AdminMain))
 6 SYSTEMPATH\CodeIgniter.php(361): CodeIgniter\CodeIgniter->handleRequest(null, Object(Config\Cache), false)
 7 FCPATH\index.php(81): CodeIgniter\CodeIgniter->run()
 8 SYSTEMPATH\Commands\Server\rewrite.php(47): require_once('C:\\xampp\\htdocs\\himatik-app\\public\\index.php')
CRITICAL - 2024-04-17 08:37:20 --> CodeIgniter\View\Exceptions\ViewException: Invalid file: "templates/admin_page).php"
in SYSTEMPATH\Exceptions\FrameworkException.php on line 39.
 1 SYSTEMPATH\View\View.php(216): CodeIgniter\Exceptions\FrameworkException::forInvalidFile('templates/admin_page).php')
 2 SYSTEMPATH\Common.php(1178): CodeIgniter\View\View->render('templates/admin_page)', [], true)
 3 APPPATH\Controllers\AdminMain.php(9): view('templates/admin_page)')
 4 SYSTEMPATH\CodeIgniter.php(941): App\Controllers\AdminMain->index()
 5 SYSTEMPATH\CodeIgniter.php(502): CodeIgniter\CodeIgniter->runController(Object(App\Controllers\AdminMain))
 6 SYSTEMPATH\CodeIgniter.php(361): CodeIgniter\CodeIgniter->handleRequest(null, Object(Config\Cache), false)
 7 FCPATH\index.php(81): CodeIgniter\CodeIgniter->run()
 8 SYSTEMPATH\Commands\Server\rewrite.php(47): require_once('C:\\xampp\\htdocs\\himatik-app\\public\\index.php')
CRITICAL - 2024-04-17 08:38:32 --> CodeIgniter\View\Exceptions\ViewException: Invalid file: "templates/admin_content).php"
in SYSTEMPATH\Exceptions\FrameworkException.php on line 39.
 1 SYSTEMPATH\View\View.php(216): CodeIgniter\Exceptions\FrameworkException::forInvalidFile('templates/admin_content).php')
 2 SYSTEMPATH\Common.php(1178): CodeIgniter\View\View->render('templates/admin_content)', [], true)
 3 APPPATH\Controllers\AdminMain.php(9): view('templates/admin_content)')
 4 SYSTEMPATH\CodeIgniter.php(941): App\Controllers\AdminMain->index()
 5 SYSTEMPATH\CodeIgniter.php(502): CodeIgniter\CodeIgniter->runController(Object(App\Controllers\AdminMain))
 6 SYSTEMPATH\CodeIgniter.php(361): CodeIgniter\CodeIgniter->handleRequest(null, Object(Config\Cache), false)
 7 FCPATH\index.php(81): CodeIgniter\CodeIgniter->run()
 8 SYSTEMPATH\Commands\Server\rewrite.php(47): require_once('C:\\xampp\\htdocs\\himatik-app\\public\\index.php')
CRITICAL - 2024-04-17 08:40:08 --> Error: Class "App\Controllers\CI_Controller" not found
in APPPATH\Controllers\AdminMain.php on line 5.
 1 SYSTEMPATH\Autoloader\Autoloader.php(309): include_once()
 2 SYSTEMPATH\Autoloader\Autoloader.php(288): CodeIgniter\Autoloader\Autoloader->includeFile('C:\\xampp\\htdocs\\himatik-app\\app\\Controllers\\AdminMain.php')
 3 SYSTEMPATH\Autoloader\Autoloader.php(266): CodeIgniter\Autoloader\Autoloader->loadInNamespace('App\\Controllers\\AdminMain')
 4 [internal function]: CodeIgniter\Autoloader\Autoloader->loadClass('App\\Controllers\\AdminMain')
 5 SYSTEMPATH\CodeIgniter.php(899): class_exists('\\App\\Controllers\\AdminMain', true)
 6 SYSTEMPATH\CodeIgniter.php(489): CodeIgniter\CodeIgniter->startController()
 7 SYSTEMPATH\CodeIgniter.php(361): CodeIgniter\CodeIgniter->handleRequest(null, Object(Config\Cache), false)
 8 FCPATH\index.php(81): CodeIgniter\CodeIgniter->run()
 9 SYSTEMPATH\Commands\Server\rewrite.php(47): require_once('C:\\xampp\\htdocs\\himatik-app\\public\\index.php')
CRITICAL - 2024-04-17 08:40:58 --> ErrorException: Undefined property: App\Controllers\AdminMain::$load
in APPPATH\Controllers\AdminMain.php on line 9.
 1 APPPATH\Controllers\AdminMain.php(9): CodeIgniter\Debug\Exceptions->errorHandler(2, 'Undefined property: App\\Controllers\\AdminMain::$load', 'C:\\xampp\\htdocs\\himatik-app\\app\\Controllers\\AdminMain.php', 9)
 2 SYSTEMPATH\CodeIgniter.php(941): App\Controllers\AdminMain->index()
 3 SYSTEMPATH\CodeIgniter.php(502): CodeIgniter\CodeIgniter->runController(Object(App\Controllers\AdminMain))
 4 SYSTEMPATH\CodeIgniter.php(361): CodeIgniter\CodeIgniter->handleRequest(null, Object(Config\Cache), false)
 5 FCPATH\index.php(81): CodeIgniter\CodeIgniter->run()
 6 SYSTEMPATH\Commands\Server\rewrite.php(47): require_once('C:\\xampp\\htdocs\\himatik-app\\public\\index.php')
CRITICAL - 2024-04-17 08:41:49 --> CodeIgniter\View\Exceptions\ViewException: Invalid file: "admin_page.php"
in SYSTEMPATH\Exceptions\FrameworkException.php on line 39.
 1 SYSTEMPATH\View\View.php(216): CodeIgniter\Exceptions\FrameworkException::forInvalidFile('admin_page.php')
 2 SYSTEMPATH\Common.php(1178): CodeIgniter\View\View->render('admin_page', [], true)
 3 APPPATH\Controllers\AdminMain.php(9): view('admin_page')
 4 SYSTEMPATH\CodeIgniter.php(941): App\Controllers\AdminMain->index()
 5 SYSTEMPATH\CodeIgniter.php(502): CodeIgniter\CodeIgniter->runController(Object(App\Controllers\AdminMain))
 6 SYSTEMPATH\CodeIgniter.php(361): CodeIgniter\CodeIgniter->handleRequest(null, Object(Config\Cache), false)
 7 FCPATH\index.php(81): CodeIgniter\CodeIgniter->run()
 8 SYSTEMPATH\Commands\Server\rewrite.php(47): require_once('C:\\xampp\\htdocs\\himatik-app\\public\\index.php')
CRITICAL - 2024-04-17 08:42:14 --> ErrorException: Undefined property: CodeIgniter\View\View::$load
in APPPATH\Views\templates\admin_page.php on line 2.
 1 APPPATH\Views\templates\admin_page.php(2): CodeIgniter\Debug\Exceptions->errorHandler(2, 'Undefined property: CodeIgniter\\View\\View::$load', 'C:\\xampp\\htdocs\\himatik-app\\app\\Views\\templates\\admin_page.php', 2)
 2 SYSTEMPATH\View\View.php(228): include('C:\\xampp\\htdocs\\himatik-app\\app\\Views\\templates\\admin_page.php')
 3 SYSTEMPATH\View\View.php(231): CodeIgniter\View\View->CodeIgniter\View\{closure}()
 4 SYSTEMPATH\Common.php(1178): CodeIgniter\View\View->render('templates/admin_page', [], true)
 5 APPPATH\Controllers\AdminMain.php(9): view('templates/admin_page')
 6 SYSTEMPATH\CodeIgniter.php(941): App\Controllers\AdminMain->index()
 7 SYSTEMPATH\CodeIgniter.php(502): CodeIgniter\CodeIgniter->runController(Object(App\Controllers\AdminMain))
 8 SYSTEMPATH\CodeIgniter.php(361): CodeIgniter\CodeIgniter->handleRequest(null, Object(Config\Cache), false)
 9 FCPATH\index.php(81): CodeIgniter\CodeIgniter->run()
10 SYSTEMPATH\Commands\Server\rewrite.php(47): require_once('C:\\xampp\\htdocs\\himatik-app\\public\\index.php')
CRITICAL - 2024-04-17 08:45:33 --> CodeIgniter\View\Exceptions\ViewException: Invalid file: "header.php"
in SYSTEMPATH\Exceptions\FrameworkException.php on line 39.
 1 SYSTEMPATH\View\View.php(216): CodeIgniter\Exceptions\FrameworkException::forInvalidFile('header.php')
 2 SYSTEMPATH\Common.php(1178): CodeIgniter\View\View->render('header', [], true)
 3 APPPATH\Views\templates\admin_page.php(2): view('header')
 4 SYSTEMPATH\View\View.php(228): include('C:\\xampp\\htdocs\\himatik-app\\app\\Views\\templates\\admin_page.php')
 5 SYSTEMPATH\View\View.php(231): CodeIgniter\View\View->CodeIgniter\View\{closure}()
 6 SYSTEMPATH\Common.php(1178): CodeIgniter\View\View->render('templates/admin_page', [], true)
 7 APPPATH\Controllers\AdminMain.php(9): view('templates/admin_page')
 8 SYSTEMPATH\CodeIgniter.php(941): App\Controllers\AdminMain->index()
 9 SYSTEMPATH\CodeIgniter.php(502): CodeIgniter\CodeIgniter->runController(Object(App\Controllers\AdminMain))
10 SYSTEMPATH\CodeIgniter.php(361): CodeIgniter\CodeIgniter->handleRequest(null, Object(Config\Cache), false)
11 FCPATH\index.php(81): CodeIgniter\CodeIgniter->run()
12 SYSTEMPATH\Commands\Server\rewrite.php(47): require_once('C:\\xampp\\htdocs\\himatik-app\\public\\index.php')
CRITICAL - 2024-04-17 08:45:54 --> CodeIgniter\View\Exceptions\ViewException: Invalid file: "sidebar.php"
in SYSTEMPATH\Exceptions\FrameworkException.php on line 39.
 1 SYSTEMPATH\View\View.php(216): CodeIgniter\Exceptions\FrameworkException::forInvalidFile('sidebar.php')
 2 SYSTEMPATH\Common.php(1178): CodeIgniter\View\View->render('sidebar', [], true)
 3 APPPATH\Views\templates\admin_page.php(2): view('sidebar')
 4 SYSTEMPATH\View\View.php(228): include('C:\\xampp\\htdocs\\himatik-app\\app\\Views\\templates\\admin_page.php')
 5 SYSTEMPATH\View\View.php(231): CodeIgniter\View\View->CodeIgniter\View\{closure}()
 6 SYSTEMPATH\Common.php(1178): CodeIgniter\View\View->render('templates/admin_page', [], true)
 7 APPPATH\Controllers\AdminMain.php(9): view('templates/admin_page')
 8 SYSTEMPATH\CodeIgniter.php(941): App\Controllers\AdminMain->index()
 9 SYSTEMPATH\CodeIgniter.php(502): CodeIgniter\CodeIgniter->runController(Object(App\Controllers\AdminMain))
10 SYSTEMPATH\CodeIgniter.php(361): CodeIgniter\CodeIgniter->handleRequest(null, Object(Config\Cache), false)
11 FCPATH\index.php(81): CodeIgniter\CodeIgniter->run()
12 SYSTEMPATH\Commands\Server\rewrite.php(47): require_once('C:\\xampp\\htdocs\\himatik-app\\public\\index.php')
CRITICAL - 2024-04-17 08:46:24 --> CodeIgniter\View\Exceptions\ViewException: Invalid file: "templates/header.php"
in SYSTEMPATH\Exceptions\FrameworkException.php on line 39.
 1 SYSTEMPATH\View\View.php(216): CodeIgniter\Exceptions\FrameworkException::forInvalidFile('templates/header.php')
 2 SYSTEMPATH\Common.php(1178): CodeIgniter\View\View->render('templates/header', [], true)
 3 APPPATH\Views\templates\admin_page.php(2): view('templates/header')
 4 SYSTEMPATH\View\View.php(228): include('C:\\xampp\\htdocs\\himatik-app\\app\\Views\\templates\\admin_page.php')
 5 SYSTEMPATH\View\View.php(231): CodeIgniter\View\View->CodeIgniter\View\{closure}()
 6 SYSTEMPATH\Common.php(1178): CodeIgniter\View\View->render('templates/admin_page', [], true)
 7 APPPATH\Controllers\AdminMain.php(9): view('templates/admin_page')
 8 SYSTEMPATH\CodeIgniter.php(941): App\Controllers\AdminMain->index()
 9 SYSTEMPATH\CodeIgniter.php(502): CodeIgniter\CodeIgniter->runController(Object(App\Controllers\AdminMain))
10 SYSTEMPATH\CodeIgniter.php(361): CodeIgniter\CodeIgniter->handleRequest(null, Object(Config\Cache), false)
11 FCPATH\index.php(81): CodeIgniter\CodeIgniter->run()
12 SYSTEMPATH\Commands\Server\rewrite.php(47): require_once('C:\\xampp\\htdocs\\himatik-app\\public\\index.php')
CRITICAL - 2024-04-17 09:06:45 --> ErrorException: Undefined property: CodeIgniter\View\View::$uri
in APPPATH\Views\templates\admin_content.php on line 4.
 1 APPPATH\Views\templates\admin_content.php(4): CodeIgniter\Debug\Exceptions->errorHandler(2, 'Undefined property: CodeIgniter\\View\\View::$uri', 'C:\\xampp\\htdocs\\himatik-app\\app\\Views\\templates\\admin_content.php', 4)
 2 SYSTEMPATH\View\View.php(228): include('C:\\xampp\\htdocs\\himatik-app\\app\\Views\\templates\\admin_content.php')
 3 SYSTEMPATH\View\View.php(231): CodeIgniter\View\View->CodeIgniter\View\{closure}()
 4 SYSTEMPATH\Common.php(1178): CodeIgniter\View\View->render('templates/admin_content', [], true)
 5 APPPATH\Views\templates\admin_page.php(7): view('templates/admin_content')
 6 SYSTEMPATH\View\View.php(228): include('C:\\xampp\\htdocs\\himatik-app\\app\\Views\\templates\\admin_page.php')
 7 SYSTEMPATH\View\View.php(231): CodeIgniter\View\View->CodeIgniter\View\{closure}()
 8 SYSTEMPATH\Common.php(1178): CodeIgniter\View\View->render('templates/admin_page', [], true)
 9 APPPATH\Controllers\AdminMain.php(9): view('templates/admin_page')
10 SYSTEMPATH\CodeIgniter.php(941): App\Controllers\AdminMain->index()
11 SYSTEMPATH\CodeIgniter.php(502): CodeIgniter\CodeIgniter->runController(Object(App\Controllers\AdminMain))
12 SYSTEMPATH\CodeIgniter.php(361): CodeIgniter\CodeIgniter->handleRequest(null, Object(Config\Cache), false)
13 FCPATH\index.php(81): CodeIgniter\CodeIgniter->run()
14 SYSTEMPATH\Commands\Server\rewrite.php(47): require_once('C:\\xampp\\htdocs\\himatik-app\\public\\index.php')
CRITICAL - 2024-04-17 10:53:20 --> ErrorException: Undefined variable $uri
in APPPATH\Views\templates\sidebar.php on line 14.
 1 APPPATH\Views\templates\sidebar.php(14): CodeIgniter\Debug\Exceptions->errorHandler(2, 'Undefined variable $uri', 'C:\\xampp\\htdocs\\himatik-app\\app\\Views\\templates\\sidebar.php', 14)
 2 SYSTEMPATH\View\View.php(228): include('C:\\xampp\\htdocs\\himatik-app\\app\\Views\\templates\\sidebar.php')
 3 SYSTEMPATH\View\View.php(231): CodeIgniter\View\View->CodeIgniter\View\{closure}()
 4 SYSTEMPATH\Common.php(1178): CodeIgniter\View\View->render('templates/sidebar', [], true)
 5 APPPATH\Views\admin\admin.php(7): view('templates/sidebar')
 6 SYSTEMPATH\View\View.php(228): include('C:\\xampp\\htdocs\\himatik-app\\app\\Views\\admin\\admin.php')
 7 SYSTEMPATH\View\View.php(231): CodeIgniter\View\View->CodeIgniter\View\{closure}()
 8 SYSTEMPATH\Common.php(1178): CodeIgniter\View\View->render('admin/admin', [], true)
 9 APPPATH\Controllers\AdminMain.php(13): view('admin/admin')
10 SYSTEMPATH\CodeIgniter.php(941): App\Controllers\AdminMain->admin()
11 SYSTEMPATH\CodeIgniter.php(502): CodeIgniter\CodeIgniter->runController(Object(App\Controllers\AdminMain))
12 SYSTEMPATH\CodeIgniter.php(361): CodeIgniter\CodeIgniter->handleRequest(null, Object(Config\Cache), false)
13 FCPATH\index.php(81): CodeIgniter\CodeIgniter->run()
14 SYSTEMPATH\Commands\Server\rewrite.php(47): require_once('C:\\xampp\\htdocs\\himatik-app\\public\\index.php')
