CRITICAL - 2024-05-07 02:42:18 --> Error: Cannot use object of type stdClass as array
in APPPATH\Views\user\artikel.php on line 9.
 1 SYSTEMPATH\View\View.php(228): include()
 2 SYSTEMPATH\View\View.php(231): CodeIgniter\View\View->CodeIgniter\View\{closure}()
 3 SYSTEMPATH\Common.php(1178): CodeIgniter\View\View->render('user/artikel', [], true)
 4 APPPATH\Controllers\Users\UserMain.php(31): view('user/artikel', [...])
 5 SYSTEMPATH\CodeIgniter.php(941): App\Controllers\Users\UserMain->index()
 6 SYSTEMPATH\CodeIgniter.php(502): CodeIgniter\CodeIgniter->runController(Object(App\Controllers\Users\UserMain))
 7 SYSTEMPATH\CodeIgniter.php(361): CodeIgniter\CodeIgniter->handleRequest(null, Object(Config\Cache), false)
 8 FCPATH\index.php(81): CodeIgniter\CodeIgniter->run()
 9 SYSTEMPATH\Commands\Server\rewrite.php(47): require_once('C:\\xampp\\htdocs\\himatik-app\\public\\index.php')
CRITICAL - 2024-05-07 11:11:01 --> ErrorException: Undefined variable $inputsearch
in APPPATH\Views\user\artikel\artikel.php on line 16.
 1 APPPATH\Views\user\artikel\artikel.php(16): CodeIgniter\Debug\Exceptions->errorHandler(2, 'Undefined variable $inputsearch', 'C:\\xampp\\htdocs\\himatik-app\\app\\Views\\user\\artikel\\artikel.php', 16)
 2 SYSTEMPATH\View\View.php(228): include('C:\\xampp\\htdocs\\himatik-app\\app\\Views\\user\\artikel\\artikel.php')
 3 SYSTEMPATH\View\View.php(231): CodeIgniter\View\View->CodeIgniter\View\{closure}()
 4 SYSTEMPATH\Common.php(1178): CodeIgniter\View\View->render('user/artikel/artikel', [], true)
 5 APPPATH\Controllers\Users\UserMain.php(63): view('user/artikel/artikel', [...])
 6 SYSTEMPATH\CodeIgniter.php(941): App\Controllers\Users\UserMain->searchPost()
 7 SYSTEMPATH\CodeIgniter.php(502): CodeIgniter\CodeIgniter->runController(Object(App\Controllers\Users\UserMain))
 8 SYSTEMPATH\CodeIgniter.php(361): CodeIgniter\CodeIgniter->handleRequest(null, Object(Config\Cache), false)
 9 FCPATH\index.php(81): CodeIgniter\CodeIgniter->run()
10 SYSTEMPATH\Commands\Server\rewrite.php(47): require_once('C:\\xampp\\htdocs\\himatik-app\\public\\index.php')
CRITICAL - 2024-05-07 11:36:21 --> ErrorException: Trying to access array offset on value of type null
in APPPATH\Views\user\artikel\artikel_detail.php on line 2.
 1 APPPATH\Views\user\artikel\artikel_detail.php(2): CodeIgniter\Debug\Exceptions->errorHandler(2, 'Trying to access array offset on value of type null', 'C:\\xampp\\htdocs\\himatik-app\\app\\Views\\user\\artikel\\artikel_detail.php', 2)
 2 SYSTEMPATH\View\View.php(228): include('C:\\xampp\\htdocs\\himatik-app\\app\\Views\\user\\artikel\\artikel_detail.php')
 3 SYSTEMPATH\View\View.php(231): CodeIgniter\View\View->CodeIgniter\View\{closure}()
 4 SYSTEMPATH\Common.php(1178): CodeIgniter\View\View->render('user/artikel/artikel_detail', [], true)
 5 APPPATH\Controllers\Users\UserMain.php(75): view('user/artikel/artikel_detail', [...])
 6 SYSTEMPATH\CodeIgniter.php(941): App\Controllers\Users\UserMain->detailArtikel('2')
 7 SYSTEMPATH\CodeIgniter.php(502): CodeIgniter\CodeIgniter->runController(Object(App\Controllers\Users\UserMain))
 8 SYSTEMPATH\CodeIgniter.php(361): CodeIgniter\CodeIgniter->handleRequest(null, Object(Config\Cache), false)
 9 FCPATH\index.php(81): CodeIgniter\CodeIgniter->run()
10 SYSTEMPATH\Commands\Server\rewrite.php(47): require_once('C:\\xampp\\htdocs\\himatik-app\\public\\index.php')
CRITICAL - 2024-05-07 11:36:26 --> ErrorException: Trying to access array offset on value of type null
in APPPATH\Views\user\artikel\artikel_detail.php on line 2.
 1 APPPATH\Views\user\artikel\artikel_detail.php(2): CodeIgniter\Debug\Exceptions->errorHandler(2, 'Trying to access array offset on value of type null', 'C:\\xampp\\htdocs\\himatik-app\\app\\Views\\user\\artikel\\artikel_detail.php', 2)
 2 SYSTEMPATH\View\View.php(228): include('C:\\xampp\\htdocs\\himatik-app\\app\\Views\\user\\artikel\\artikel_detail.php')
 3 SYSTEMPATH\View\View.php(231): CodeIgniter\View\View->CodeIgniter\View\{closure}()
 4 SYSTEMPATH\Common.php(1178): CodeIgniter\View\View->render('user/artikel/artikel_detail', [], true)
 5 APPPATH\Controllers\Users\UserMain.php(75): view('user/artikel/artikel_detail', [...])
 6 SYSTEMPATH\CodeIgniter.php(941): App\Controllers\Users\UserMain->detailArtikel('3')
 7 SYSTEMPATH\CodeIgniter.php(502): CodeIgniter\CodeIgniter->runController(Object(App\Controllers\Users\UserMain))
 8 SYSTEMPATH\CodeIgniter.php(361): CodeIgniter\CodeIgniter->handleRequest(null, Object(Config\Cache), false)
 9 FCPATH\index.php(81): CodeIgniter\CodeIgniter->run()
10 SYSTEMPATH\Commands\Server\rewrite.php(47): require_once('C:\\xampp\\htdocs\\himatik-app\\public\\index.php')
CRITICAL - 2024-05-07 12:37:04 --> Error: Call to undefined function video()
in APPPATH\Views\user\artikel\artikel_detail.php on line 46.
 1 SYSTEMPATH\View\View.php(228): include()
 2 SYSTEMPATH\View\View.php(231): CodeIgniter\View\View->CodeIgniter\View\{closure}()
 3 SYSTEMPATH\Common.php(1178): CodeIgniter\View\View->render('user/artikel/artikel_detail', [], true)
 4 APPPATH\Controllers\Users\UserMain.php(76): view('user/artikel/artikel_detail', [...])
 5 SYSTEMPATH\CodeIgniter.php(941): App\Controllers\Users\UserMain->detailArtikel('4')
 6 SYSTEMPATH\CodeIgniter.php(502): CodeIgniter\CodeIgniter->runController(Object(App\Controllers\Users\UserMain))
 7 SYSTEMPATH\CodeIgniter.php(361): CodeIgniter\CodeIgniter->handleRequest(null, Object(Config\Cache), false)
 8 FCPATH\index.php(81): CodeIgniter\CodeIgniter->run()
 9 SYSTEMPATH\Commands\Server\rewrite.php(47): require_once('C:\\xampp\\htdocs\\himatik-app\\public\\index.php')
CRITICAL - 2024-05-07 12:37:19 --> CodeIgniter\View\Exceptions\ViewException: Invalid file: "komentar.php"
in SYSTEMPATH\Exceptions\FrameworkException.php on line 39.
 1 SYSTEMPATH\View\View.php(216): CodeIgniter\Exceptions\FrameworkException::forInvalidFile('komentar.php')
 2 SYSTEMPATH\Common.php(1178): CodeIgniter\View\View->render('komentar', [], true)
 3 APPPATH\Views\user\artikel\artikel_detail.php(46): view('komentar')
 4 SYSTEMPATH\View\View.php(228): include('C:\\xampp\\htdocs\\himatik-app\\app\\Views\\user\\artikel\\artikel_detail.php')
 5 SYSTEMPATH\View\View.php(231): CodeIgniter\View\View->CodeIgniter\View\{closure}()
 6 SYSTEMPATH\Common.php(1178): CodeIgniter\View\View->render('user/artikel/artikel_detail', [], true)
 7 APPPATH\Controllers\Users\UserMain.php(76): view('user/artikel/artikel_detail', [...])
 8 SYSTEMPATH\CodeIgniter.php(941): App\Controllers\Users\UserMain->detailArtikel('4')
 9 SYSTEMPATH\CodeIgniter.php(502): CodeIgniter\CodeIgniter->runController(Object(App\Controllers\Users\UserMain))
10 SYSTEMPATH\CodeIgniter.php(361): CodeIgniter\CodeIgniter->handleRequest(null, Object(Config\Cache), false)
11 FCPATH\index.php(81): CodeIgniter\CodeIgniter->run()
12 SYSTEMPATH\Commands\Server\rewrite.php(47): require_once('C:\\xampp\\htdocs\\himatik-app\\public\\index.php')
CRITICAL - 2024-05-07 12:37:39 --> CodeIgniter\View\Exceptions\ViewException: Invalid file: "./komentar.php"
in SYSTEMPATH\Exceptions\FrameworkException.php on line 39.
 1 SYSTEMPATH\View\View.php(216): CodeIgniter\Exceptions\FrameworkException::forInvalidFile('./komentar.php')
 2 SYSTEMPATH\Common.php(1178): CodeIgniter\View\View->render('./komentar', [], true)
 3 APPPATH\Views\user\artikel\artikel_detail.php(46): view('./komentar')
 4 SYSTEMPATH\View\View.php(228): include('C:\\xampp\\htdocs\\himatik-app\\app\\Views\\user\\artikel\\artikel_detail.php')
 5 SYSTEMPATH\View\View.php(231): CodeIgniter\View\View->CodeIgniter\View\{closure}()
 6 SYSTEMPATH\Common.php(1178): CodeIgniter\View\View->render('user/artikel/artikel_detail', [], true)
 7 APPPATH\Controllers\Users\UserMain.php(76): view('user/artikel/artikel_detail', [...])
 8 SYSTEMPATH\CodeIgniter.php(941): App\Controllers\Users\UserMain->detailArtikel('4')
 9 SYSTEMPATH\CodeIgniter.php(502): CodeIgniter\CodeIgniter->runController(Object(App\Controllers\Users\UserMain))
10 SYSTEMPATH\CodeIgniter.php(361): CodeIgniter\CodeIgniter->handleRequest(null, Object(Config\Cache), false)
11 FCPATH\index.php(81): CodeIgniter\CodeIgniter->run()
12 SYSTEMPATH\Commands\Server\rewrite.php(47): require_once('C:\\xampp\\htdocs\\himatik-app\\public\\index.php')
CRITICAL - 2024-05-07 12:39:32 --> CodeIgniter\View\Exceptions\ViewException: Invalid file: "/komentar.php"
in SYSTEMPATH\Exceptions\FrameworkException.php on line 39.
 1 SYSTEMPATH\View\View.php(216): CodeIgniter\Exceptions\FrameworkException::forInvalidFile('/komentar.php')
 2 SYSTEMPATH\Common.php(1178): CodeIgniter\View\View->render('/komentar', [], true)
 3 APPPATH\Views\user\artikel\artikel_detail.php(46): view('/komentar')
 4 SYSTEMPATH\View\View.php(228): include('C:\\xampp\\htdocs\\himatik-app\\app\\Views\\user\\artikel\\artikel_detail.php')
 5 SYSTEMPATH\View\View.php(231): CodeIgniter\View\View->CodeIgniter\View\{closure}()
 6 SYSTEMPATH\Common.php(1178): CodeIgniter\View\View->render('user/artikel/artikel_detail', [], true)
 7 APPPATH\Controllers\Users\UserMain.php(76): view('user/artikel/artikel_detail', [...])
 8 SYSTEMPATH\CodeIgniter.php(941): App\Controllers\Users\UserMain->detailArtikel('4')
 9 SYSTEMPATH\CodeIgniter.php(502): CodeIgniter\CodeIgniter->runController(Object(App\Controllers\Users\UserMain))
10 SYSTEMPATH\CodeIgniter.php(361): CodeIgniter\CodeIgniter->handleRequest(null, Object(Config\Cache), false)
11 FCPATH\index.php(81): CodeIgniter\CodeIgniter->run()
12 SYSTEMPATH\Commands\Server\rewrite.php(47): require_once('C:\\xampp\\htdocs\\himatik-app\\public\\index.php')
ERROR - 2024-05-07 23:26:35 --> Error connecting to the database: mysqli_sql_exception: No connection could be made because the target machine actively refused it in C:\xampp\htdocs\himatik-app\system\Database\MySQLi\Connection.php:184
Stack trace:
#0 C:\xampp\htdocs\himatik-app\system\Database\MySQLi\Connection.php(184): mysqli->real_connect('localhost', 'root', Object(SensitiveParameterValue), 'himatik_db', 3306, '', 0)
#1 C:\xampp\htdocs\himatik-app\system\Database\BaseConnection.php(392): CodeIgniter\Database\MySQLi\Connection->connect(false)
#2 C:\xampp\htdocs\himatik-app\system\Database\BaseConnection.php(575): CodeIgniter\Database\BaseConnection->initialize()
#3 C:\xampp\htdocs\himatik-app\system\Database\BaseBuilder.php(1616): CodeIgniter\Database\BaseConnection->query('SELECT *\nFROM `...', Array, false)
#4 C:\xampp\htdocs\himatik-app\system\Model.php(242): CodeIgniter\Database\BaseBuilder->get()
#5 C:\xampp\htdocs\himatik-app\system\BaseModel.php(638): CodeIgniter\Model->doFindAll(0, 0)
#6 C:\xampp\htdocs\himatik-app\app\Models\PengurusModel.php(29): CodeIgniter\BaseModel->findAll()
#7 C:\xampp\htdocs\himatik-app\app\Controllers\Users\UserMain.php(17): App\Models\PengurusModel->getAllPengurus()
#8 C:\xampp\htdocs\himatik-app\system\CodeIgniter.php(941): App\Controllers\Users\UserMain->index()
#9 C:\xampp\htdocs\himatik-app\system\CodeIgniter.php(502): CodeIgniter\CodeIgniter->runController(Object(App\Controllers\Users\UserMain))
#10 C:\xampp\htdocs\himatik-app\system\CodeIgniter.php(361): CodeIgniter\CodeIgniter->handleRequest(NULL, Object(Config\Cache), false)
#11 C:\xampp\htdocs\himatik-app\public\index.php(81): CodeIgniter\CodeIgniter->run()
#12 C:\xampp\htdocs\himatik-app\system\Commands\Server\rewrite.php(47): require_once('C:\\xampp\\htdocs...')
#13 {main}

Next CodeIgniter\Database\Exceptions\DatabaseException: No connection could be made because the target machine actively refused it in C:\xampp\htdocs\himatik-app\system\Database\MySQLi\Connection.php:229
Stack trace:
#0 C:\xampp\htdocs\himatik-app\system\Database\BaseConnection.php(392): CodeIgniter\Database\MySQLi\Connection->connect(false)
#1 C:\xampp\htdocs\himatik-app\system\Database\BaseConnection.php(575): CodeIgniter\Database\BaseConnection->initialize()
#2 C:\xampp\htdocs\himatik-app\system\Database\BaseBuilder.php(1616): CodeIgniter\Database\BaseConnection->query('SELECT *\nFROM `...', Array, false)
#3 C:\xampp\htdocs\himatik-app\system\Model.php(242): CodeIgniter\Database\BaseBuilder->get()
#4 C:\xampp\htdocs\himatik-app\system\BaseModel.php(638): CodeIgniter\Model->doFindAll(0, 0)
#5 C:\xampp\htdocs\himatik-app\app\Models\PengurusModel.php(29): CodeIgniter\BaseModel->findAll()
#6 C:\xampp\htdocs\himatik-app\app\Controllers\Users\UserMain.php(17): App\Models\PengurusModel->getAllPengurus()
#7 C:\xampp\htdocs\himatik-app\system\CodeIgniter.php(941): App\Controllers\Users\UserMain->index()
#8 C:\xampp\htdocs\himatik-app\system\CodeIgniter.php(502): CodeIgniter\CodeIgniter->runController(Object(App\Controllers\Users\UserMain))
#9 C:\xampp\htdocs\himatik-app\system\CodeIgniter.php(361): CodeIgniter\CodeIgniter->handleRequest(NULL, Object(Config\Cache), false)
#10 C:\xampp\htdocs\himatik-app\public\index.php(81): CodeIgniter\CodeIgniter->run()
#11 C:\xampp\htdocs\himatik-app\system\Commands\Server\rewrite.php(47): require_once('C:\\xampp\\htdocs...')
#12 {main}
CRITICAL - 2024-05-07 23:26:35 --> CodeIgniter\Database\Exceptions\DatabaseException: Unable to connect to the database.
Main connection [MySQLi]: No connection could be made because the target machine actively refused it
in SYSTEMPATH\Database\BaseConnection.php on line 428.
 1 SYSTEMPATH\Database\BaseConnection.php(575): CodeIgniter\Database\BaseConnection->initialize()
 2 SYSTEMPATH\Database\BaseBuilder.php(1616): CodeIgniter\Database\BaseConnection->query('SELECT *
FROM `pengurus`', [], false)
 3 SYSTEMPATH\Model.php(242): CodeIgniter\Database\BaseBuilder->get()
 4 SYSTEMPATH\BaseModel.php(638): CodeIgniter\Model->doFindAll(0, 0)
 5 APPPATH\Models\PengurusModel.php(29): CodeIgniter\BaseModel->findAll()
 6 APPPATH\Controllers\Users\UserMain.php(17): App\Models\PengurusModel->getAllPengurus()
 7 SYSTEMPATH\CodeIgniter.php(941): App\Controllers\Users\UserMain->index()
 8 SYSTEMPATH\CodeIgniter.php(502): CodeIgniter\CodeIgniter->runController(Object(App\Controllers\Users\UserMain))
 9 SYSTEMPATH\CodeIgniter.php(361): CodeIgniter\CodeIgniter->handleRequest(null, Object(Config\Cache), false)
10 FCPATH\index.php(81): CodeIgniter\CodeIgniter->run()
11 SYSTEMPATH\Commands\Server\rewrite.php(47): require_once('C:\\xampp\\htdocs\\himatik-app\\public\\index.php')
